  BasePerson.cpp
  BlackJackProjectLEVELS.cpp
  Casino.cpp
D:\C++ Course\BlackJackProjectLEVELS\BlackJackProjectLEVELS\Casino.cpp(20,20): warning C4018: '<': signed/unsigned mismatch
D:\C++ Course\BlackJackProjectLEVELS\BlackJackProjectLEVELS\Casino.cpp(27,20): warning C4018: '<': signed/unsigned mismatch
D:\C++ Course\BlackJackProjectLEVELS\BlackJackProjectLEVELS\Casino.cpp(34,20): warning C4018: '<': signed/unsigned mismatch
D:\C++ Course\BlackJackProjectLEVELS\BlackJackProjectLEVELS\Casino.cpp(41,20): warning C4018: '<': signed/unsigned mismatch
D:\C++ Course\BlackJackProjectLEVELS\BlackJackProjectLEVELS\Casino.cpp(48,20): warning C4018: '<': signed/unsigned mismatch
D:\C++ Course\BlackJackProjectLEVELS\BlackJackProjectLEVELS\Casino.cpp(55,20): warning C4018: '<': signed/unsigned mismatch
  ColorGameTable.cpp
  Dealer.cpp
  GameMaterials.cpp
  GameTable.cpp
D:\C++ Course\BlackJackProjectLEVELS\BlackJackProjectLEVELS\GameTable.cpp(52,26): warning C4018: '<': signed/unsigned mismatch
D:\C++ Course\BlackJackProjectLEVELS\BlackJackProjectLEVELS\GameTable.cpp(72,26): warning C4018: '<': signed/unsigned mismatch
D:\C++ Course\BlackJackProjectLEVELS\BlackJackProjectLEVELS\GameTable.cpp(81,26): warning C4018: '<': signed/unsigned mismatch
  Player.cpp
  StrategyPlayer.cpp
  SystemController.cpp
  TrafficGen.cpp
  Generating Code...
  BlackJackProjectLEVELS.vcxproj -> D:\C++ Course\BlackJackProjectLEVELS\Debug\BlackJackProjectLEVELS.exe
